0 info it worked if it ends with ok
1 verbose cli [ '/usr/bin/nodejs', '/usr/bin/npm', 'bugs', 'clarion.js' ]
2 info using npm@3.5.2
3 info using node@v4.7.2
4 silly fetchPackageMetaData clarion.js
5 silly fetchOtherPackageData clarion.js
6 silly cache add args [ 'clarion.js', null ]
7 verbose cache add spec clarion.js
8 silly cache add parsed spec Result {
8 silly cache add   raw: 'clarion.js',
8 silly cache add   scope: null,
8 silly cache add   name: null,
8 silly cache add   rawSpec: 'clarion.js',
8 silly cache add   spec: '/home/takahisa/clarion-two/clarion.js',
8 silly cache add   type: 'local' }
9 silly addLocalTarball shasum (computed) a8db382fc36489792ef9a3653162e9ee2b924f1d
10 verbose addTmpTarball /home/takahisa/clarion-two/clarion.js not in flight; adding
11 verbose addTmpTarball validating metadata from /home/takahisa/clarion-two/clarion.js
12 verbose tar unpack /home/takahisa/clarion-two/clarion.js
13 verbose tar unpacking to /tmp/npm-13313-4b9b6ae6/unpack-352fded9
14 silly gentlyRm /tmp/npm-13313-4b9b6ae6/unpack-352fded9 is being purged
15 verbose gentlyRm don't care about contents; nuking /tmp/npm-13313-4b9b6ae6/unpack-352fded9
16 silly gunzTarPerm modes [ '775', '664' ]
17 error not a package /home/takahisa/clarion-two/clarion.js
18 error addLocal Could not install /home/takahisa/clarion-two/clarion.js
19 silly fetchPackageMetaData Error: ENOENT: no such file or directory, open '/tmp/npm-13313-4b9b6ae6/unpack-352fded9/package.json'
19 silly fetchPackageMetaData     at Error (native)
19 silly fetchPackageMetaData  error for clarion.js { [Error: ENOENT: no such file or directory, open '/tmp/npm-13313-4b9b6ae6/unpack-352fded9/package.json']
19 silly fetchPackageMetaData   errno: -2,
19 silly fetchPackageMetaData   code: 'ENOENT',
19 silly fetchPackageMetaData   syscall: 'open',
19 silly fetchPackageMetaData   path: '/tmp/npm-13313-4b9b6ae6/unpack-352fded9/package.json' }
20 verbose stack Error: ENOENT: no such file or directory, open '/tmp/npm-13313-4b9b6ae6/unpack-352fded9/package.json'
20 verbose stack     at Error (native)
21 verbose cwd /home/takahisa/clarion-two
22 error Linux 4.10.0-33-generic
23 error argv "/usr/bin/nodejs" "/usr/bin/npm" "bugs" "clarion.js"
24 error node v4.7.2
25 error npm  v3.5.2
26 error path /tmp/npm-13313-4b9b6ae6/unpack-352fded9/package.json
27 error code ENOENT
28 error errno -2
29 error syscall open
30 error enoent ENOENT: no such file or directory, open '/tmp/npm-13313-4b9b6ae6/unpack-352fded9/package.json'
31 error enoent ENOENT: no such file or directory, open '/tmp/npm-13313-4b9b6ae6/unpack-352fded9/package.json'
31 error enoent This is most likely not a problem with npm itself
31 error enoent and is related to npm not being able to find a file.
32 verbose exit [ -2, true ]
